2026-04-07 21:51:03,926 - root - INFO - Starting FoodHub App in development mode
2026-04-07 21:51:03,926 - root - INFO - Connecting to MongoDB: mongodb+srv://fooduser:Fv7%40FoodApp123@cluster0.q...
2026-04-07 21:51:03,926 - root - INFO - Detected mongodb+srv:// connection - SSL/TLS automatically enabled by MongoDB Atlas
2026-04-07 21:51:05,981 - root - ERROR - ❌ Unexpected error during MongoDB connection: The DNS query name does not exist: _mongodb._tcp.cluster0.qugxr.mongodb.net.
2026-04-07 21:51:05,981 - root - ERROR - Error type: ConfigurationError
2026-04-09 10:01:13,728 - root - INFO - Starting FoodHub App in production mode
2026-04-09 10:01:13,728 - root - INFO - Connecting to MongoDB: mongodb://localhost:27017/fooddelivery
2026-04-09 10:01:13,753 - root - INFO - ✅ MongoDB connected successfully
2026-04-09 10:01:13,754 - root - INFO - ✅ CORS configured for origins: ['http://localhost:5173', 'http://127.0.0.1:5173', 'http://localhost:3000', 'https://yummfoodhub.vercel.app']
2026-04-09 10:01:13,831 - root - INFO - ✅ SocketIO configured
2026-04-09 10:01:13,831 - root - INFO - Registering API blueprints...
2026-04-09 10:01:13,973 - root - INFO - ✅ All blueprints registered successfully
2026-04-09 10:01:13,974 - root - INFO - ✅ SocketIO events registered
2026-04-09 10:01:14,184 - root - INFO - ✅ Admin created/updated: shahinsha / 262007food
2026-04-09 10:01:14,184 - root - INFO - ✅ FoodHub App initialized successfully!
2026-04-09 20:05:20,875 - root - INFO - Starting FoodHub App in production mode
2026-04-09 20:05:20,875 - root - INFO - Connecting to MongoDB: mongodb://localhost:27017/fooddelivery
2026-04-09 20:05:20,880 - root - INFO - ✅ MongoDB connected successfully
2026-04-09 20:05:20,881 - root - INFO - ✅ CORS configured for origins: ['http://localhost:5173', 'http://127.0.0.1:5173', 'http://localhost:3000', 'https://yummfoodhub.vercel.app']
2026-04-09 20:05:20,943 - root - INFO - ✅ Core extensions (JWT, SocketIO, Mail) initialized
2026-04-09 20:05:20,943 - root - INFO - Registering API blueprints...
2026-04-09 20:05:21,132 - root - INFO - ✅ All blueprints registered successfully
2026-04-09 20:05:21,132 - root - INFO - ✅ SocketIO events registered
2026-04-09 20:05:21,132 - root - INFO - ✅ FoodHub App initialized successfully!
2026-04-09 20:05:52,789 - root - INFO - Starting FoodHub App in production mode
2026-04-09 20:05:52,789 - root - INFO - Connecting to MongoDB: mongodb://localhost:27017/fooddelivery
2026-04-09 20:05:52,794 - root - INFO - ✅ MongoDB connected successfully
2026-04-09 20:05:52,794 - root - INFO - ✅ CORS configured for origins: ['http://localhost:5173', 'http://127.0.0.1:5173', 'http://localhost:3000', 'https://yummfoodhub.vercel.app']
2026-04-09 20:05:52,828 - root - INFO - ✅ Core extensions (JWT, SocketIO, Mail) initialized
2026-04-09 20:05:52,828 - root - INFO - Registering API blueprints...
2026-04-09 20:05:52,889 - root - INFO - ✅ All blueprints registered successfully
2026-04-09 20:05:52,889 - root - INFO - ✅ SocketIO events registered
2026-04-09 20:05:52,890 - root - INFO - ✅ FoodHub App initialized successfully!
2026-04-09 20:05:52,890 - werkzeug - WARNING - Werkzeug appears to be used in a production deployment. Consider switching to a production web server instead.
2026-04-09 20:05:52,925 - werkzeug - INFO - [31m[1mWARNING: This is a development server. Do not use it in a production deployment. Use a production WSGI server instead.[0m
 * Running on all addresses (0.0.0.0)
 * Running on http://127.0.0.1:5000
 * Running on http://192.168.1.3:5000
2026-04-09 20:05:52,926 - werkzeug - INFO - [33mPress CTRL+C to quit[0m
2026-04-09 20:24:41,769 - root - INFO - Starting FoodHub App in production mode
2026-04-09 20:24:41,770 - root - INFO - Connecting to MongoDB: mongodb://localhost:27017/fooddelivery
2026-04-09 20:24:41,774 - root - INFO - ✅ MongoDB connected successfully
2026-04-09 20:24:41,774 - root - INFO - ✅ CORS configured for origins: ['http://localhost:5173', 'http://127.0.0.1:5173', 'http://localhost:3000', 'https://yummfoodhub.vercel.app', 'capacitor://localhost', 'http://localhost']
2026-04-09 20:24:41,805 - root - INFO - ✅ Core extensions (JWT, SocketIO, Mail) initialized
2026-04-09 20:24:41,805 - root - INFO - Registering API blueprints...
2026-04-09 20:24:41,859 - root - INFO - ✅ All blueprints registered successfully
2026-04-09 20:24:41,859 - root - INFO - ✅ SocketIO events registered
2026-04-09 20:24:41,859 - root - INFO - ✅ FoodHub App initialized successfully!
2026-04-09 20:24:41,861 - werkzeug - WARNING - Werkzeug appears to be used in a production deployment. Consider switching to a production web server instead.
2026-04-09 20:24:41,876 - werkzeug - INFO - [31m[1mWARNING: This is a development server. Do not use it in a production deployment. Use a production WSGI server instead.[0m
 * Running on all addresses (0.0.0.0)
 * Running on http://127.0.0.1:5000
 * Running on http://192.168.1.3:5000
2026-04-09 20:24:41,876 - werkzeug - INFO - [33mPress CTRL+C to quit[0m
